<?xml version="1.0" encoding="UTF-8"?>
<!-- Generated by org.testng.reporters.JUnitXMLReporter -->
<testsuite ignored="0" hostname="3I-PC0CF90C" failures="1" tests="1" name="Test" time="28.353" errors="0" timestamp="2024-03-24T17:54:34 IST">
  <testcase classname="StepDefination.TC02_Sign_With_Exsiting_Data" name="logIn_With_Exsiting_User" time="21.937">
    <failure type="java.lang.AssertionError" message="WebDriverException : WHILE TRYING TO WAIT FOR ELEMENT TO CLICKABLE ON THE SPECIFIED WEB ELEMENT&amp;lt;b&amp;gt;Enter EmailID&amp;lt;/b&amp;gt; is not visible _due_to_the_Exception:- Expected condition failed: waiting for element to be clickable: [[ChromeDriver: chrome on windows (0d55214ad7b0e7fcc9211b152b13a157)] -&amp;gt; css selector: input#userEmail] (tried for 10 second(s) with 500 milliseconds interval)">
      <![CDATA[java.lang.AssertionError: WebDriverException : WHILE TRYING TO WAIT FOR ELEMENT TO CLICKABLE ON THE SPECIFIED WEB ELEMENT<b>Enter EmailID</b> is not visible _due_to_the_Exception:- Expected condition failed: waiting for element to be clickable: [[ChromeDriver: chrome on windows (0d55214ad7b0e7fcc9211b152b13a157)] -> css selector: input#userEmail] (tried for 10 second(s) with 500 milliseconds interval)
at Utilities.ActionClass.waitForElementToClickable(ActionClass.java:65)
at Utilities.ActionClass.Enter_Text(ActionClass.java:93)
at PageObject.Page_01_HomePage.enter_EmaiID(Page_01_HomePage.java:61)
at StepDefination.TC02_Sign_With_Exsiting_Data.logIn_With_Exsiting_User(TC02_Sign_With_Exsiting_Data.java:15)
at java.base/java.util.ArrayList.forEach(ArrayList.java:1511)
... Removed 28 stack frames]]>
    </failure>
  </testcase> <!-- logIn_With_Exsiting_User -->
</testsuite> <!-- Test -->
